\BOOKMARK [0][-]{chapter.1}{\376\377\000F\000u\000n\000d\000a\000m\000e\000n\000t\000a\000l\000s}{}% 1
\BOOKMARK [1][-]{section.1.1}{\376\377\000L\000i\000n\000e\000a\000r\000\040\000A\000l\000g\000e\000b\000r\000a}{chapter.1}% 2
\BOOKMARK [1][-]{section.1.2}{\376\377\000L\000a\000w\000\040\000o\000f\000\040\000L\000a\000r\000g\000e\000\040\000N\000u\000m\000b\000e\000r\000s}{chapter.1}% 3
\BOOKMARK [1][-]{section.1.3}{\376\377\000B\000a\000y\000e\000s\000'\000s\000\040\000R\000u\000l\000e}{chapter.1}% 4
\BOOKMARK [1][-]{section.1.4}{\376\377\000T\000h\000e\000o\000r\000e\000m\000\040\000o\000f\000\040\000t\000h\000e\000\040\000t\000o\000t\000a\000l\000\040\000e\000x\000p\000e\000c\000t\000a\000t\000i\000o\000n}{chapter.1}% 5
\BOOKMARK [1][-]{section.1.5}{\376\377\000T\000o\000w\000e\000r\000\040\000P\000r\000o\000p\000e\000r\000t\000y}{chapter.1}% 6
\BOOKMARK [0][-]{chapter.2}{\376\377\000E\000s\000t\000i\000m\000a\000t\000i\000o\000n\000\040\000T\000h\000e\000o\000r\000y}{}% 7
\BOOKMARK [1][-]{section.2.1}{\376\377\000I\000n\000t\000r\000o\000d\000u\000c\000t\000i\000o\000n\000\040\000t\000o\000\040\000D\000a\000t\000a\000\040\000A\000n\000a\000l\000y\000s\000i\000s}{chapter.2}% 8
\BOOKMARK [2][-]{subsection.2.1.1}{\376\377\000D\000a\000t\000a\000\040\000A\000n\000a\000l\000y\000s\000i\000s}{section.2.1}% 9
\BOOKMARK [1][-]{section.2.2}{\376\377\000B\000a\000y\000e\000s\000\040\000E\000s\000t\000i\000m\000a\000t\000i\000o\000n}{chapter.2}% 10
\BOOKMARK [1][-]{section.2.3}{\376\377\000M\000a\000x\000i\000m\000u\000m\000\040\000L\000i\000k\000e\000l\000i\000h\000o\000o\000d\000\040\000E\000s\000t\000i\000m\000a\000t\000i\000o\000n}{chapter.2}% 11
\BOOKMARK [1][-]{section.2.4}{\376\377\000E\000x\000e\000r\000c\000i\000s\000e\000s}{chapter.2}% 12
\BOOKMARK [2][-]{subsection.2.4.1}{\376\377\000M\000a\000x\000i\000m\000u\000m\000\040\000L\000i\000k\000e\000l\000i\000h\000o\000o\000d}{section.2.4}% 13
\BOOKMARK [2][-]{subsection.2.4.2}{\376\377\000M\000e\000a\000n\000\040\000e\000s\000t\000i\000m\000a\000t\000i\000o\000n\000\040\000o\000n\000\040\000h\000o\000m\000o\000g\000e\000n\000e\000o\000u\000s\000\040\000d\000a\000t\000a}{section.2.4}% 14
\BOOKMARK [2][-]{subsection.2.4.3}{\376\377\000M\000e\000a\000n\000\040\000e\000s\000t\000i\000m\000a\000t\000i\000o\000n\000\040\000o\000n\000\040\000h\000e\000t\000e\000r\000o\000g\000e\000n\000e\000o\000u\000s\000\040\000d\000a\000t\000a}{section.2.4}% 15
\BOOKMARK [2][-]{subsection.2.4.4}{\376\377\000M\000M\000S\000E}{section.2.4}% 16
\BOOKMARK [0][-]{chapter.3}{\376\377\000R\000e\000g\000r\000e\000s\000s\000i\000o\000n}{}% 17
\BOOKMARK [1][-]{section.3.1}{\376\377\000M\000o\000d\000e\000l\000\040\000B\000a\000s\000e\000d\000\040\000R\000e\000g\000r\000e\000s\000s\000i\000o\000n}{chapter.3}% 18
\BOOKMARK [2][-]{subsection.3.1.1}{\376\377\000C\000o\000n\000n\000e\000c\000t\000i\000o\000n\000\040\000b\000e\000t\000w\000e\000e\000n\000\040\000m\000o\000d\000e\000l\000-\000b\000a\000s\000e\000d\000\040\000a\000n\000d\000\040\000s\000u\000p\000e\000r\000v\000i\000s\000e\000d}{section.3.1}% 19
\BOOKMARK [2][-]{subsection.3.1.2}{\376\377\000B\000e\000n\000c\000h\000m\000a\000r\000k\000\040\000p\000e\000r\000f\000o\000r\000m\000a\000n\000c\000e}{section.3.1}% 20
\BOOKMARK [1][-]{section.3.2}{\376\377\000S\000u\000p\000e\000r\000v\000i\000s\000e\000d\000\040\000P\000a\000r\000a\000m\000e\000t\000r\000i\000c\000\040\000R\000e\000g\000r\000e\000s\000s\000i\000o\000n}{chapter.3}% 21
\BOOKMARK [2][-]{subsection.3.2.1}{\376\377\000S\000i\000m\000p\000l\000e\000\040\000L\000i\000n\000e\000a\000r\000\040\000R\000e\000g\000r\000e\000s\000s\000i\000o\000n}{section.3.2}% 22
\BOOKMARK [2][-]{subsection.3.2.2}{\376\377\000A\000s\000s\000e\000s\000i\000n\000g\000\040\000t\000h\000e\000\040\000a\000c\000c\000u\000r\000a\000c\000y\000\040\000o\000f\000\040\000t\000h\000e\000\040\000m\000o\000d\000e\000l}{section.3.2}% 23
\BOOKMARK [2][-]{subsection.3.2.3}{\376\377\000M\000u\000l\000t\000i\000p\000l\000e\000\040\000L\000i\000n\000e\000a\000r\000\040\000R\000e\000g\000r\000e\000s\000s\000i\000o\000n}{section.3.2}% 24
\BOOKMARK [1][-]{section.3.3}{\376\377\000S\000u\000p\000e\000r\000v\000i\000s\000e\000d\000\040\000N\000o\000n\000\040\000P\000a\000r\000a\000m\000e\000t\000r\000i\000c\000\040\000R\000e\000g\000r\000e\000s\000s\000i\000o\000n}{chapter.3}% 25
\BOOKMARK [1][-]{section.3.4}{\376\377\000E\000x\000e\000r\000c\000i\000s\000e}{chapter.3}% 26
\BOOKMARK [0][-]{chapter.4}{\376\377\000L\000i\000n\000e\000a\000r\000\040\000M\000e\000t\000h\000o\000d\000s\000\040\000f\000o\000r\000\040\000R\000e\000g\000r\000e\000s\000s\000i\000o\000n}{}% 27
\BOOKMARK [0][-]{chapter.5}{\376\377\000C\000l\000a\000s\000s\000i\000f\000i\000c\000a\000t\000i\000o\000n}{}% 28
\BOOKMARK [1][-]{section.5.1}{\376\377\000I\000n\000t\000r\000o\000d\000u\000c\000t\000i\000o\000n}{chapter.5}% 29
\BOOKMARK [1][-]{section.5.2}{\376\377\000M\000o\000d\000e\000l\000-\000B\000a\000s\000e\000d\000\040\000C\000l\000a\000s\000s\000i\000f\000i\000c\000a\000t\000i\000o\000n}{chapter.5}% 30
\BOOKMARK [2][-]{subsection.5.2.1}{\376\377\000B\000a\000y\000e\000s\000i\000a\000n\000\040\000a\000p\000p\000r\000o\000a\000c\000h}{section.5.2}% 31
\BOOKMARK [2][-]{subsection.5.2.2}{\376\377\000N\000e\000y\000m\000a\000n\000-\000P\000e\000a\000r\000s\000o\000n\000\040\000C\000r\000i\000t\000e\000r\000i\000o\000n}{section.5.2}% 32
\BOOKMARK [1][-]{section.5.3}{\376\377\000S\000u\000p\000e\000r\000v\000i\000s\000e\000d\000\040\000C\000l\000a\000s\000s\000i\000f\000i\000c\000a\000t\000i\000o\000n}{chapter.5}% 33
\BOOKMARK [1][-]{section.5.4}{\376\377\000E\000x\000e\000r\000c\000i\000s\000e\000s}{chapter.5}% 34
\BOOKMARK [2][-]{subsection.5.4.1}{\376\377\000E\000x\000e\000r\000c\000i\000s\000e\000\040\0001}{section.5.4}% 35
\BOOKMARK [0][-]{chapter.6}{\376\377\000O\000p\000t\000i\000m\000i\000z\000a\000t\000i\000o\000n}{}% 36
\BOOKMARK [1][-]{section.6.1}{\376\377\000O\000p\000t\000i\000m\000i\000z\000a\000t\000i\000o\000n\000\040\000i\000n\000\040\000d\000a\000t\000a\000\040\000a\000n\000a\000l\000y\000s\000i\000s}{chapter.6}% 37
\BOOKMARK [1][-]{section.6.2}{\376\377\000P\000r\000o\000b\000l\000e\000m\000\040\000a\000s\000s\000u\000m\000p\000t\000i\000o\000n\000s}{chapter.6}% 38
\BOOKMARK [2][-]{subsection.6.2.1}{\376\377\000L\000i\000p\000s\000c\000h\000i\000t\000z\000\040\000C\000o\000n\000t\000i\000n\000u\000i\000t\000y}{section.6.2}% 39
\BOOKMARK [2][-]{subsection.6.2.2}{\376\377\000C\000o\000n\000v\000e\000x\000i\000t\000y}{section.6.2}% 40
\BOOKMARK [1][-]{section.6.3}{\376\377\000G\000r\000a\000d\000i\000e\000n\000t\000\040\000D\000e\000s\000c\000e\000n\000t}{chapter.6}% 41
\BOOKMARK [2][-]{subsection.6.3.1}{\376\377\000G\000r\000a\000d\000i\000e\000n\000t\000\040\000D\000e\000s\000c\000e\000n\000t\000\040\000L\000i\000m\000i\000t\000a\000t\000i\000o\000n\000s}{section.6.3}% 42
\BOOKMARK [1][-]{section.6.4}{\376\377\000S\000t\000o\000c\000h\000a\000s\000t\000i\000c\000\040\000G\000r\000a\000d\000i\000e\000n\000t\000\040\000D\000e\000s\000c\000e\000n\000t}{chapter.6}% 43
\BOOKMARK [0][-]{chapter.7}{\376\377\000C\000l\000u\000s\000t\000e\000r\000\040\000A\000n\000a\000l\000y\000s\000i\000s}{}% 44
\BOOKMARK [1][-]{section.7.1}{\376\377\000P\000C\000A}{chapter.7}% 45
\BOOKMARK [1][-]{section.7.2}{\376\377\000C\000l\000u\000s\000t\000e\000r\000i\000n\000g}{chapter.7}% 46
